INFO: Initialising BMW CAN shield
	OK - BMW CAN shield initialised
INFO: Initialising Nissan CAN shield
	OK - Nissan CAN shield initialised
INFO: Initialising MCP9808 temperature sensor
	OK - MCP9808 temperature sensor initialised
Starting dyno run data logging ...

Stopping dyno run due to timeout
dynoMilliselapsed: 10003 > 10000

Starting dyno run data logging ...

Stopping dyno run due to timeout
dynoMilliselapsed: 10017 > 10000

Starting dyno run data logging ...
Stopping dyno run data log and clearing array after 45 samples.
0,25.06
57,25.41
114,25.59
485,25.75
544,28.00
599,28.34
663,28.69
720,28.97
776,29.25
840,29.53
896,29.84
958,30.06
1009,30.44
1072,30.69
1487,31.12
1544,34.50
1601,35.09
1657,35.75
1713,36.38
1770,37.00
1826,37.66
1883,38.44
1939,39.13
1996,39.84
2052,40.50
2108,41.34
2487,41.53
2538,46.88
2601,46.88
2664,46.84
2722,46.81
2785,46.81
2842,46.72
2898,46.69
2961,46.63
3018,46.53
3074,46.44
3488,46.31
3539,47.78
3595,48.28
3652,48.59
3708,48.84
3765,49.50
3828,50.00

Starting dyno run data logging ...
Stopping dyno run data log and clearing array after 93 samples.
0,27.00
54,24.06
110,23.53
166,23.00
223,22.56
279,22.09
335,21.66
392,21.12
448,20.69
504,20.12
561,19.59
618,19.03
997,18.78
1055,15.06
1110,14.56
1161,14.22
1217,13.81
1273,13.34
1329,12.88
1386,12.50
1442,12.09
1498,11.63
1555,11.19
1611,10.72
1997,10.44
2056,8.13
2119,7.88
2203,7.69
2259,7.63
2316,7.47
2373,7.41
2429,7.44
2492,7.38
2549,7.44
2605,7.53
2999,7.56
3056,10.28
3113,10.56
3170,10.69
3233,10.88
3288,11.19
3339,11.59
3395,12.03
3451,12.47
3508,12.81
3564,13.06
3620,13.34
3999,13.50
4050,16.44
4107,16.87
4163,17.37
4219,17.81
4276,18.19
4333,18.72
4388,19.19
4445,19.66
4509,20.12
4564,20.59
4621,21.09
5001,21.25
5052,24.78
5108,25.19
5164,25.66
5221,26.03
5284,26.47
5341,26.91
5397,27.28
5453,27.75
5509,28.19
5566,28.59
5622,29.12
6001,29.34
6052,33.88
6109,34.59
6165,35.16
6221,35.84
6277,36.50
6328,36.91
6384,37.50
6440,38.19
6497,38.94
6553,39.59
6609,40.38
7002,40.84
7053,45.53
7109,46.22
7166,46.81
7223,47.53
7279,48.25
7335,48.88
7392,49.50
7448,50.03

Starting dyno run data logging ...
Stopping dyno run data log and clearing array after 27 samples.
0,25.06
56,25.41
113,26.03
169,26.69
231,27.22
282,27.78
338,28.41
394,29.06
458,29.72
825,29.81
881,34.16
944,34.81
1000,35.47
1051,35.97
1106,36.56
1162,37.19
1220,37.91
1275,38.59
1332,39.19
1388,39.88
1445,40.66
1826,41.09
1881,46.91
1938,47.81
1995,48.72
2051,49.50

Starting dyno run data logging ...
Stopping dyno run data log and clearing array after 87 samples.
0,25.00
63,25.06
134,25.03
218,24.94
275,24.81
684,24.56
741,24.56
796,24.53
853,24.44
909,24.37
966,24.34
1022,24.22
1078,24.09
1135,23.97
1198,24.00
1255,23.97
1311,24.09
1684,24.03
1741,24.19
1804,24.16
1861,24.22
1924,24.28
1981,24.47
2037,24.44
2093,24.50
2157,24.66
2213,24.72
2269,24.72
2327,24.81
2685,24.84
2742,25.44
2798,25.44
2855,25.62
2911,25.78
2975,25.78
3038,25.87
3095,26.00
3158,26.19
3215,26.28
3271,26.25
3327,26.31
3686,26.22
3743,26.97
3799,27.00
3856,27.09
3919,27.19
3976,27.28
4046,27.37
4102,27.37
4159,27.50
4215,27.66
4271,27.78
4328,27.84
4687,28.25
4758,28.25
4814,28.37
4871,28.44
4928,28.53
4984,28.59
5040,28.78
5097,29.16
5153,29.69
5209,30.47
5273,31.16
5687,31.66
5738,35.41
5801,35.97
5857,36.53
5914,37.06
5970,37.63
6026,38.28
6077,38.81
6132,39.59
6189,40.19
6246,40.69
6309,41.22
6689,41.53
6746,45.00
6803,45.56
6859,46.16
6915,46.66
6972,47.25
7028,47.81
7084,48.53
7141,49.09
7197,49.72

Starting dyno run data logging ...

Stopping dyno run due to timeout
dynoMilliselapsed: 10005 > 10000

Starting dyno run data logging ...

Stopping dyno run due to timeout
dynoMilliselapsed: 10007 > 10000

Starting dyno run data logging ...
Stopping dyno run data log and clearing array after 43 samples.
0,25.00
385,25.44
437,31.06
494,31.91
551,32.81
606,33.81
663,34.81
720,35.72
776,36.50
832,37.19
888,37.84
945,38.16
1001,38.03
1386,38.03
1438,38.00
1495,38.31
1551,38.72
1607,39.34
1664,40.28
1720,41.16
1783,42.16
1840,42.94
1896,43.56
1960,44.44
2017,45.25
2387,45.25
2439,49.47
2495,49.38
2551,49.34
2602,49.34
2658,49.31
2721,49.25
2778,49.16
2834,49.13
2890,49.13
2947,49.09
3003,49.00
3387,49.00
3447,49.47
3504,49.63
3560,49.81
3616,49.97

Starting dyno run data logging ...

Stopping dyno run due to timeout
dynoMilliselapsed: 32138 > 10000

Starting dyno run data logging ...
Stopping dyno run data log and clearing array after 50 samples.
0,25.62
53,25.69
109,25.81
180,25.91
236,25.97
292,26.09
349,26.19
405,26.34
462,26.44
518,26.56
575,26.62
638,26.78
1001,26.81
1061,27.81
1118,28.25
1181,28.56
1237,28.72
1294,28.94
1350,29.31
1406,29.84
1463,30.16
1519,30.44
1575,30.84
1632,31.31
2002,31.44
2055,33.97
2111,34.44
2167,34.88
2223,35.19
2281,35.66
2337,35.97
2401,36.50
2456,36.84
2512,37.09
2570,37.50
2633,37.88
3003,38.13
3056,41.53
3112,41.94
3169,42.44
3225,42.91
3281,43.44
3338,43.91
3394,44.53
3450,45.28
3507,46.03
3563,46.69
3619,47.34
4004,47.53

Starting dyno run data logging ...

Stopping dyno run due to timeout
dynoMilliselapsed: 55041 > 10000

Starting dyno run data logging ...
Stopping dyno run data log and clearing array after 89 samples.
0,25.47
58,25.69
115,25.72
171,25.91
227,26.06
284,26.12
340,26.28
396,26.37
453,26.50
509,26.62
566,26.69
630,26.97
1001,27.03
1052,28.22
1122,28.44
1179,28.59
1264,28.75
1320,28.87
1376,29.00
1433,29.22
1489,29.34
1546,29.47
1609,29.69
2002,30.72
2053,30.81
2109,31.09
2166,31.31
2222,31.47
2286,31.78
2342,32.00
2398,32.22
2462,32.50
2518,32.66
2582,32.97
3003,34.88
3054,35.13
3110,35.53
3167,35.91
3223,36.16
3280,36.44
3336,36.78
3393,37.16
3449,37.41
3505,37.72
3562,38.06
3618,38.44
4003,38.56
4062,41.13
4119,41.47
4175,41.78
4231,42.22
4288,42.47
4358,42.91
4415,43.22
4471,43.53
4527,43.84
4583,43.97
4640,44.19
5003,44.03
5056,44.94
5112,45.00
5183,45.13
5246,45.13
5309,45.28
5360,45.28
5415,45.41
5471,45.63
5529,45.63
5585,45.75
6005,46.81
6057,46.88
6113,46.94
6170,47.06
6233,47.31
6297,47.41
6353,47.66
6409,47.69
6466,47.78
6536,47.91
6607,48.19
7005,49.09
7057,49.41
7115,49.41
7170,49.53
7227,49.56
7284,49.66
7340,49.78
7396,49.91

Starting dyno run data logging ...

Stopping dyno run due to timeout
dynoMilliselapsed: 10630 > 10000

Starting dyno run data logging ...
Stopping dyno run data log and clearing array after 115 samples.
0,27.12
56,27.81
111,28.47
168,29.09
225,29.72
281,30.41
337,30.91
394,31.25
450,31.25
513,31.19
577,31.06
1001,31.00
1056,30.47
1113,30.34
1169,30.31
1226,30.16
1281,30.09
1338,30.03
1394,29.97
1450,29.94
1514,30.03
1571,30.34
1634,30.69
2002,30.81
2065,32.78
2120,33.16
2177,33.63
2240,33.97
2296,34.34
2353,34.75
2410,35.19
2466,35.59
2523,35.88
2579,36.31
2635,36.66
3004,36.72
3058,39.41
3114,39.78
3171,40.13
3227,40.47
3298,40.84
3354,41.19
3418,41.38
3474,41.59
3530,41.63
3594,41.84
4005,41.84
4060,41.81
4116,41.78
4172,41.81
4229,41.88
4285,41.88
4348,41.91
4405,41.78
4461,41.75
4517,41.69
4574,41.66
4630,41.63
5007,41.56
5067,42.53
5124,42.69
5194,42.69
5258,42.78
5321,42.97
5377,42.97
5434,42.97
5490,43.06
5561,43.03
5617,43.06
6007,43.13
6069,43.25
6131,43.19
6196,43.19
6252,43.22
6307,43.25
6364,43.22
6421,43.28
6477,43.25
6534,43.38
6604,43.38
7010,43.25
7062,43.38
7119,43.50
7189,43.22
7252,43.16
7309,43.22
7365,43.19
7421,43.28
7472,43.31
7527,43.56
7583,43.56
7641,43.69
8010,43.69
8077,43.50
8133,43.53
8190,43.66
8247,43.72
8303,43.81
8359,43.81
8416,43.91
8472,44.00
8528,44.06
8585,44.19
8641,44.56
9011,44.63
9064,46.81
9121,47.19
9177,47.56
9233,47.94
9291,48.28
9346,48.69
9410,49.13
9465,49.47
9522,49.88

































